<?xml version="1.0" encoding="UTF-8"?>
<testsuite name="As a user of the Bancolombia application, I want to verify the operation of the simulation screen of Canon Financiero" tests="1" skipped="0" failures="0" errors="0" timestamp="2022-04-08T13:36:32" hostname="DESKTOP-9003QRL" time="16.212">
  <properties/>
  <testcase name="simulate a home loan" classname="As a user of the Bancolombia application, I want to verify the operation of the simulation screen of Canon Financiero" time="16.212"/>
  <system-out><![CDATA[]]></system-out>
  <system-err><![CDATA[abr 08, 2022 8:36:33 AM org.openqa.selenium.remote.DesiredCapabilities chrome
INFORMACIÓN: Using `new ChromeOptions()` is preferred to `DesiredCapabilities.chrome()`
Starting ChromeDriver 100.0.4896.60 (6a5d10861ce8de5fce22564658033b43cb7de047-refs/branch-heads/4896@{#875}) on port 18579
Only local connections are allowed.
Please see https://chromedriver.chromium.org/security-considerations for suggestions on keeping ChromeDriver safe.
ChromeDriver was started successfully.
abr 08, 2022 8:36:35 AM org.openqa.selenium.remote.ProtocolHandshake createSession
INFORMACIÓN: Detected dialect: W3C
[Test worker] INFO net.serenitybdd.core.Serenity - 
        __    _____ _____ ____ _____   ____   _    ____  ____  _____ ____  
  _     \ \  |_   _| ____/ ___|_   _| |  _ \ / \  / ___|/ ___|| ____|  _ \ 
 (_)_____| |   | | |  _| \___ \ | |   | |_) / _ \ \___ \\___ \|  _| | | | |
  _|_____| |   | | | |___ ___) || |   |  __/ ___ \ ___) |___) | |___| |_| |
 (_)     | |   |_| |_____|____/ |_|   |_| /_/   \_\____/|____/|_____|____/ 
        /_/                                                                

TEST PASSED: simulate a home loan
----------------------------------------------------------------------------
]]></system-err>
</testsuite>
